<?xml version="1.0" encoding="UTF-8"?>
<!-- Generated by org.testng.reporters.JUnitXMLReporter -->
<testsuite ignored="0" hostname="TCandAXE-PC" failures="1" tests="1" name="ChromeTest" time="17.963" errors="0" timestamp="2023-01-09T12:22:30 IST">
  <testcase classname="com.ZP.testcases.HomePageTest" name="bikeDetails" time="0.045">
    <failure type="java.lang.AssertionError" message="HomePage Open successfully!! expected [New Cars1 &amp;amp; Bikes, Prices, News, Reviews, Buy &amp;amp; Sell Used Cars - ZigWheels.com] but found [New Cars &amp;amp; Bikes, Prices, News, Reviews, Buy &amp;amp; Sell Used Cars - ZigWheels.com]">
      <![CDATA[java.lang.AssertionError: HomePage Open successfully!! expected [New Cars1 & Bikes, Prices, News, Reviews, Buy & Sell Used Cars - ZigWheels.com] but found [New Cars & Bikes, Prices, News, Reviews, Buy & Sell Used Cars - ZigWheels.com]
at com.ZP.pageObjects.HomePage.search(HomePage.java:38)
at com.ZP.testcases.HomePageTest.bikeDetails(HomePageTest.java:43)
at java.base/java.util.ArrayList.forEach(ArrayList.java:1511)
... Removed 30 stack frames]]>
    </failure>
  </testcase> <!-- bikeDetails -->
</testsuite> <!-- ChromeTest -->
