<?xml version="1.0" encoding="UTF-8"?>
<testng-results ignored="0" total="1" passed="0" failed="1" skipped="0">
  <reporter-output>
  </reporter-output>
  <suite started-at="2023-01-09T12:22:12 IST" name="Suite" finished-at="2023-01-09T12:22:30 IST" duration-ms="17963">
    <groups>
    </groups>
    <test started-at="2023-01-09T12:22:12 IST" name="ChromeTest" finished-at="2023-01-09T12:22:30 IST" duration-ms="17963">
      <class name="com.ZP.testcases.HomePageTest">
        <test-method is-config="true" signature="loadConfig()[pri:0, instance:com.ZP.testcases.HomePageTest@c8c12ac]" started-at="2023-01-09T12:22:12 IST" name="loadConfig" finished-at="2023-01-09T12:22:12 IST" duration-ms="15" status="PASS">
          <reporter-output>
          </reporter-output>
        </test-method> <!-- loadConfig -->
        <test-method is-config="true" signature="setup()[pri:0, instance:com.ZP.testcases.HomePageTest@c8c12ac]" started-at="2023-01-09T12:22:13 IST" name="setup" finished-at="2023-01-09T12:22:29 IST" duration-ms="16355" status="PASS">
          <reporter-output>
          </reporter-output>
        </test-method> <!-- setup -->
        <test-method signature="bikeDetails(java.lang.String)[pri:0, instance:com.ZP.testcases.HomePageTest@c8c12ac]" started-at="2023-01-09T12:22:29 IST" name="bikeDetails" data-provider="getTestData" finished-at="2023-01-09T12:22:29 IST" duration-ms="45" status="FAIL">
          <params>
            <param index="0">
              <value>
                <![CDATA[Honda Bikes]]>
              </value>
            </param>
          </params>
          <exception class="java.lang.AssertionError">
            <message>
              <![CDATA[HomePage Open successfully!! expected [New Cars1 & Bikes, Prices, News, Reviews, Buy & Sell Used Cars - ZigWheels.com] but found [New Cars & Bikes, Prices, News, Reviews, Buy & Sell Used Cars - ZigWheels.com]]]>
            </message>
            <full-stacktrace>
              <![CDATA[java.lang.AssertionError: HomePage Open successfully!! expected [New Cars1 & Bikes, Prices, News, Reviews, Buy & Sell Used Cars - ZigWheels.com] but found [New Cars & Bikes, Prices, News, Reviews, Buy & Sell Used Cars - ZigWheels.com]
at org.testng.Assert.fail(Assert.java:99)
at org.testng.Assert.failNotEquals(Assert.java:1037)
at org.testng.Assert.assertEqualsImpl(Assert.java:140)
at org.testng.Assert.assertEquals(Assert.java:122)
at org.testng.Assert.assertEquals(Assert.java:629)
at com.ZP.pageObjects.HomePage.search(HomePage.java:38)
at com.ZP.testcases.HomePageTest.bikeDetails(HomePageTest.java:43)
at java.base/jdk.internal.reflect.DirectMethodHandleAccessor.invoke(DirectMethodHandleAccessor.java:104)
at java.base/java.lang.reflect.Method.invoke(Method.java:577)
at org.testng.internal.MethodInvocationHelper.invokeMethod(MethodInvocationHelper.java:133)
at org.testng.internal.TestInvoker.invokeMethod(TestInvoker.java:598)
at org.testng.internal.TestInvoker.invokeTestMethod(TestInvoker.java:173)
at org.testng.internal.MethodRunner.runInSequence(MethodRunner.java:46)
at org.testng.internal.TestInvoker$MethodInvocationAgent.invoke(TestInvoker.java:824)
at org.testng.internal.TestInvoker.invokeTestMethods(TestInvoker.java:146)
at org.testng.internal.TestMethodWorker.invokeTestMethods(TestMethodWorker.java:146)
at org.testng.internal.TestMethodWorker.run(TestMethodWorker.java:128)
at java.base/java.util.ArrayList.forEach(ArrayList.java:1511)
at org.testng.TestRunner.privateRun(TestRunner.java:794)
at org.testng.TestRunner.run(TestRunner.java:596)
at org.testng.SuiteRunner.runTest(SuiteRunner.java:377)
at org.testng.SuiteRunner.runSequentially(SuiteRunner.java:371)
at org.testng.SuiteRunner.privateRun(SuiteRunner.java:332)
at org.testng.SuiteRunner.run(SuiteRunner.java:276)
at org.testng.SuiteRunnerWorker.runSuite(SuiteRunnerWorker.java:53)
at org.testng.SuiteRunnerWorker.run(SuiteRunnerWorker.java:96)
at org.testng.TestNG.runSuitesSequentially(TestNG.java:1212)
at org.testng.TestNG.runSuitesLocally(TestNG.java:1134)
at org.testng.TestNG.runSuites(TestNG.java:1063)
at org.testng.TestNG.run(TestNG.java:1031)
at org.testng.remote.AbstractRemoteTestNG.run(AbstractRemoteTestNG.java:115)
at org.testng.remote.RemoteTestNG.initAndRun(RemoteTestNG.java:251)
at org.testng.remote.RemoteTestNG.main(RemoteTestNG.java:77)
]]>
            </full-stacktrace>
          </exception> <!-- java.lang.AssertionError -->
          <reporter-output>
          </reporter-output>
        </test-method> <!-- bikeDetails -->
        <test-method is-config="true" signature="teardown()[pri:0, instance:com.ZP.testcases.HomePageTest@c8c12ac]" started-at="2023-01-09T12:22:30 IST" name="teardown" finished-at="2023-01-09T12:22:30 IST" duration-ms="380" status="PASS">
          <reporter-output>
          </reporter-output>
        </test-method> <!-- teardown -->
      </class> <!-- com.ZP.testcases.HomePageTest -->
    </test> <!-- ChromeTest -->
  </suite> <!-- Suite -->
</testng-results>
